
> next-editor@0.1.0 build C:\Users\huynh\Downloads\aodai\canva ai\vue-fabric-editor\next-editor
> next build

node.exe : ⚠ 
Warning: Next.js 
inferred your 
workspace root, but 
it may not be 
correct.
At C:\Users\huynh\App
Data\Roaming\npm\pnpm
.ps1:24 char:5
+     & "node$exe"  "
$basedir/node_modules
/pnpm/bin/pnpm.cjs" 
$args
+     ~~~~~~~~~~~~~~~
~~~~~~~~~~~~~~~~~~~~~
~~~~~~~~~~~~~~~~~~~~~
~~~~
    + CategoryInfo   
           : NotSpe  
  cified: (⚠ Warni   
 ng: Next...not b    
e correct.:Strin    
g) [], RemoteExc    
eption
    + FullyQualified 
   ErrorId : Native  
  CommandError
 
 We detected 
multiple lockfiles 
and selected the 
directory of C:\Users
\huynh\pnpm-lock.yaml
 as the root 
directory.
 To silence this 
warning, set 
`turbopack.root` in 
your Next.js config, 
or consider removing 
one of the lockfiles 
if it's not needed.
   See https://nextjs
.org/docs/app/api-ref
erence/config/next-co
nfig-js/turbopack#roo
t-directory for more 
information.
 Detected additional 
lockfiles: 
   * C:\Users\huynh\D
ownloads\aodai\canva 
ai\vue-fabric-editor\
next-editor\pnpm-lock
.yaml
   * C:\Users\huynh\D
ownloads\aodai\canva 
ai\vue-fabric-editor\
pnpm-lock.yaml
   * C:\Users\huynh\D
ownloads\aodai\packag
e-lock.json

▲ Next.js 16.1.1 (Turbopack)
- Environments: .env.local

  Creating an optimized production build ...

> Build error 
occurred
Error: Turbopack 
build failed with 2 
errors:
./Downloads/aodai/can
va ai/vue-fabric-edit
or/next-editor/src/ap
p/page.tsx:3:16
Ecmascript file had 
an error
[0m [90m 1 |[39m 
[36mimport[39m 
dynamic 
[36mfrom[39m [32m'
next/dynamic'[39m[3
3m;[39m
 [90m 2 |[39m
[31m[1m>[22m[39m
[90m 3 |[39m 
[36mconst[39m 
[33mCanvas[39m 
[33m=[39m 
dynamic(() 
[33m=>[39m [36mimp
ort[39m([32m'@/comp
onents/Canvas'[39m)
[33m,[39m { 
ssr[33m:[39m 
[36mfalse[39m 
})[33m;[39m
 [90m   |[39m      
          [31m[1m^
[22m[39m[31m[1m^[
22m[39m[31m[1m^[2
2m[39m[31m[1m^[22
m[39m[31m[1m^[22m
[39m[31m[1m^[22m
[39m[31m[1m^[22m[
39m[31m[1m^[22m[3
9m[31m[1m^[22m[39
m[31m[1m^[22m[39m
[31m[1m^[22m[39m
[31m[1m^[22m[39m[
31m[1m^[22m[39m[3
1m[1m^[22m[39m[31
m[1m^[22m[39m[31m
[1m^[22m[39m[31m
[1m^[22m[39m[31m[
1m^[22m[39m[31m[1
m^[22m[39m[31m[1m
^[22m[39m[31m[1m^
[22m[39m[31m[1m^
[22m[39m[31m[1m^[
22m[39m[31m[1m^[2
2m[39m[31m[1m^[22
m[39m[31m[1m^[22m
[39m[31m[1m^[22m
[39m[31m[1m^[22m[
39m[31m[1m^[22m[3
9m[31m[1m^[22m[39
m[31m[1m^[22m[39m
[31m[1m^[22m[39m
[31m[1m^[22m[39m[
31m[1m^[22m[39m[3
1m[1m^[22m[39m[31
m[1m^[22m[39m[31m
[1m^[22m[39m[31m
[1m^[22m[39m[31m[
1m^[22m[39m[31m[1
m^[22m[39m[31m[1m
^[22m[39m[31m[1m^
[22m[39m[31m[1m^
[22m[39m[31m[1m^[
22m[39m[31m[1m^[2
2m[39m[31m[1m^[22
m[39m[31m[1m^[22m
[39m[31m[1m^[22m
[39m[31m[1m^[22m[
39m[31m[1m^[22m[3
9m[31m[1m^[22m[39
m[31m[1m^[22m[39m
[31m[1m^[22m[39m
[31m[1m^[22m[39m[
31m[1m^[22m[39m[3
1m[1m^[22m[39m[31
m[1m^[22m[39m[31m
[1m^[22m[39m[31m
[1m^[22m[39m[31m[
1m^[22m[39m
 [90m 4 |[39m
 [90m 5 |[39m 
[36mexport[39m 
[36mdefault[39m 
[36mfunction[39m 
[33mHome[39m() {
 [90m 6 |[39m   
[36mreturn[39m 
([0m

`ssr: false` is not 
allowed with 
`next/dynamic` in 
Server Components. 
Please move it into 
a Client Component.


./Downloads/aodai/can
va ai/vue-fabric-edit
or/packages/core/plug
in/FlipPlugin.ts:4:1
Module not found: 
Can't resolve 
'@/language'
[0m [90m 2 |[39m 
[36mimport[39m { 
[33mSelectMode[39m 
} [36mfrom[39m [32
m'../eventType'[39m
[33m;[39m
 [90m 3 |[39m 
[36mimport[39m 
type { [33mIEditor[
39m[33m,[39m [33mI
PluginTempl[39m } 
[36mfrom[39m [32m'
@kuaitu/core'[39m[3
3m;[39m
[31m[1m>[22m[39m
[90m 4 |[39m 
[36mimport[39m 
i18n [36mfrom[39m 
[32m"@/language"[39m
[33m;[39m
 [90m   |[39m [31m
[1m^[22m[39m[31m
[1m^[22m[39m[31m[
1m^[22m[39m[31m[1
m^[22m[39m[31m[1m
^[22m[39m[31m[1m^
[22m[39m[31m[1m^
[22m[39m[31m[1m^[
22m[39m[31m[1m^[2
2m[39m[31m[1m^[22
m[39m[31m[1m^[22m
[39m[31m[1m^[22m
[39m[31m[1m^[22m[
39m[31m[1m^[22m[3
9m[31m[1m^[22m[39
m[31m[1m^[22m[39m
[31m[1m^[22m[39m
[31m[1m^[22m[39m[
31m[1m^[22m[39m[3
1m[1m^[22m[39m[31
m[1m^[22m[39m[31m
[1m^[22m[39m[31m
[1m^[22m[39m[31m[
1m^[22m[39m[31m[1
m^[22m[39m[31m[1m
^[22m[39m[31m[1m^
[22m[39m[31m[1m^
[22m[39m[31m[1m^[
22m[39m[31m[1m^[2
2m[39m
 [90m 5 |[39m
 [90m 6 |[39m type 
[33mIPlugin[39m 
[33m=[39m [33mPick
[39m[33m<[39m[33m
FlipPlugin[39m[33m,
[39m [32m'flip'[39
m[33m>[39m[33m;[3
9m
 [90m 7 |[39m[0m

Import map: aliased 
to relative 
'./src/language' 
inside of [project]/D
ownloads/aodai/canva 
ai/vue-fabric-editor/
next-editor


Import traces:
  Client Component 
Browser:
    ./Downloads/aodai
/canva ai/vue-fabric-
editor/packages/core/
plugin/FlipPlugin.ts 
[Client Component 
Browser]
    ./Downloads/aodai
/canva ai/vue-fabric-
editor/next-editor/sr
c/components/Canvas.t
sx [Client Component 
Browser]
    ./Downloads/aodai
/canva ai/vue-fabric-
editor/next-editor/sr
c/components/Canvas.t
sx [Server Component]
    ./Downloads/aodai
/canva ai/vue-fabric-
editor/next-editor/sr
c/app/page.tsx 
[Server Component]

  Client Component 
SSR:
    ./Downloads/aodai
/canva ai/vue-fabric-
editor/packages/core/
plugin/FlipPlugin.ts 
[Client Component 
SSR]
    ./Downloads/aodai
/canva ai/vue-fabric-
editor/next-editor/sr
c/components/Canvas.t
sx [Client Component 
SSR]
    ./Downloads/aodai
/canva ai/vue-fabric-
editor/next-editor/sr
c/components/Canvas.t
sx [Server Component]
    ./Downloads/aodai
/canva ai/vue-fabric-
editor/next-editor/sr
c/app/page.tsx 
[Server Component]

https://nextjs.org/do
cs/messages/module-no
t-found


    at <unknown> (./D
ownloads/aodai/canva 
ai/vue-fabric-editor/
next-editor/src/app/p
age.tsx:3:16)
    at <unknown> (./D
ownloads/aodai/canva 
ai/vue-fabric-editor/
packages/core/plugin/
FlipPlugin.ts:4:1)
    at <unknown> (htt
ps://nextjs.org/docs/
messages/module-not-f
ound)
 ELIFECYCLE  Command failed with exit code 1.
